<?xml version="1.0" encoding="UTF-8"?>
<!-- Generated by org.testng.reporters.JUnitXMLReporter -->
<testsuite hostname="DESKTOP-FSPHPC9" failures="1" tests="1" name="Validating Title" time="30.802" errors="0" timestamp="8 Feb 2021 17:07:28 GMT">
  <testcase classname="Practice.E2EProject.ValidatingTitle" name="baseNavigationPage" time="0.117">
    <failure type="java.lang.AssertionError" message="expected [FEATURED COURSES425] but found [FEATURED COURSES]">
      <![CDATA[java.lang.AssertionError: expected [FEATURED COURSES425] but found [FEATURED COURSES]
	at Practice.E2EProject.ValidatingTitle.baseNavigationPage(ValidatingTitle.java:41)
... Removed 29 stack frames]]>
    </failure>
  </testcase> <!-- baseNavigationPage -->
</testsuite> <!-- Validating Title -->
