<?xml version="1.0" encoding="UTF-8"?>
<testng-results total="3" passed="3" failed="0" skipped="0">
  <reporter-output>
  </reporter-output>
  <suite started-at="2021-02-05T20:07:48Z" name="Suite" finished-at="2021-02-05T20:09:30Z" duration-ms="102271">
    <groups>
    </groups>
    <test started-at="2021-02-05T20:07:48Z" name="Validating Title" finished-at="2021-02-05T20:09:16Z" duration-ms="87911">
      <class name="Practice.E2EProject.ValidatingTitle">
        <test-method is-config="true" signature="initiliaze()[pri:0, instance:Practice.E2EProject.ValidatingTitle@3bd418e4]" started-at="2021-02-05T22:07:48Z" name="initiliaze" finished-at="2021-02-05T22:09:11Z" duration-ms="83577" status="PASS">
          <reporter-output>
          </reporter-output>
        </test-method> <!-- initiliaze -->
        <test-method signature="baseNavigationPage()[pri:0, instance:Practice.E2EProject.ValidatingTitle@3bd418e4]" started-at="2021-02-05T22:09:11Z" name="baseNavigationPage" finished-at="2021-02-05T22:09:12Z" duration-ms="955" status="PASS">
          <reporter-output>
          </reporter-output>
        </test-method> <!-- baseNavigationPage -->
        <test-method is-config="true" signature="teardown()[pri:0, instance:Practice.E2EProject.ValidatingTitle@3bd418e4]" started-at="2021-02-05T22:09:12Z" name="teardown" finished-at="2021-02-05T22:09:16Z" duration-ms="3353" status="PASS">
          <reporter-output>
          </reporter-output>
        </test-method> <!-- teardown -->
      </class> <!-- Practice.E2EProject.ValidatingTitle -->
    </test> <!-- Validating Title -->
    <test started-at="2021-02-05T20:07:48Z" name="Checking Register Button" finished-at="2021-02-05T20:09:17Z" duration-ms="88709">
      <class name="Practice.E2EProject.ValidatingRegisterButton">
        <test-method is-config="true" signature="initiliaze()[pri:0, instance:Practice.E2EProject.ValidatingRegisterButton@2e554a3b]" started-at="2021-02-05T22:07:48Z" name="initiliaze" finished-at="2021-02-05T22:09:11Z" duration-ms="83471" status="PASS">
          <reporter-output>
          </reporter-output>
        </test-method> <!-- initiliaze -->
        <test-method signature="baseNavigationPage()[pri:0, instance:Practice.E2EProject.ValidatingRegisterButton@2e554a3b]" started-at="2021-02-05T22:09:11Z" name="baseNavigationPage" finished-at="2021-02-05T22:09:12Z" duration-ms="1056" status="PASS">
          <reporter-output>
          </reporter-output>
        </test-method> <!-- baseNavigationPage -->
        <test-method is-config="true" signature="teardown()[pri:0, instance:Practice.E2EProject.ValidatingRegisterButton@2e554a3b]" started-at="2021-02-05T22:09:12Z" name="teardown" finished-at="2021-02-05T22:09:17Z" duration-ms="4153" status="PASS">
          <reporter-output>
          </reporter-output>
        </test-method> <!-- teardown -->
      </class> <!-- Practice.E2EProject.ValidatingRegisterButton -->
    </test> <!-- Checking Register Button -->
    <test started-at="2021-02-05T20:07:48Z" name="Test" finished-at="2021-02-05T20:09:30Z" duration-ms="102271">
      <class name="Practice.E2EProject.Home">
        <test-method signature="baseNavigationPage(java.lang.String, java.lang.String)[pri:0, instance:Practice.E2EProject.Home@1c3b9394]" started-at="2021-02-05T22:07:48Z" name="baseNavigationPage" data-provider="getData" finished-at="2021-02-05T22:09:28Z" duration-ms="99843" status="PASS">
          <params>
            <param index="0">
              <value>
                <![CDATA[mahesh@gmail.com]]>
              </value>
            </param>
            <param index="1">
              <value>
                <![CDATA[12345]]>
              </value>
            </param>
          </params>
          <reporter-output>
          </reporter-output>
        </test-method> <!-- baseNavigationPage -->
        <test-method is-config="true" signature="teardown()[pri:0, instance:Practice.E2EProject.Home@1c3b9394]" started-at="2021-02-05T22:09:28Z" name="teardown" finished-at="2021-02-05T22:09:30Z" duration-ms="2390" status="PASS">
          <reporter-output>
          </reporter-output>
        </test-method> <!-- teardown -->
      </class> <!-- Practice.E2EProject.Home -->
    </test> <!-- Test -->
  </suite> <!-- Suite -->
</testng-results>
