<?xml version="1.0" encoding="UTF-8"?>
<testsuite xmlns:xsi="http://www.w3.org/2001/XMLSchema-instance" xsi:noNamespaceSchemaLocation="https://maven.apache.org/surefire/maven-surefire-plugin/xsd/surefire-test-report-3.0.xsd" version="3.0" name="TestSuite" time="109.834" tests="3" errors="0" skipped="0" failures="0">
  <properties>
[...]
</properties>
  <testcase name="baseNavigationPage" classname="Practice.E2EProject.ValidatingRegisterButton" time="0.958">
    <system-out><![CDATA[chrome
chrome
chrome
Register
]]></system-out>
    <system-err><![CDATA[SSStttaarrttaiirnntggi  CChhrormonmeegDD rriivvCeehrrr  o8877m..e00D..r44i22v88e00r.. 888887  .((088.994ee222833088.008aa833ee 33(66cc33844966e442bb355dddd811033002a233449b9b13138825245942929090d-dr-reefsf/s/brbarnancchh-h-heaeadds/s/4428280@0@{{#1#176761}1}) ) oonn  ppoorrtt 10 0313
On8ly0 l9o7cal
 Oconly nlocanle3 cceot3ni6ncoe3nc4st6 ia4orbnes a re5a llaodlwdle1d3o.0w2ed
3.P4l
e9Pabls1ee3a8 ss2ee5 4es9 eh29te0t pdh-st:rt/ps/:/ec/hfcrsh/ormboremdaerndcirvhie-vhre.erca.dhcrsho/r4moi2mu8i0mu.@mo{.#ro1g7/6rsg1e/}csu)er coiun rpiotryt- c3o3n2s5i9de
rOantliyo nlso cfaolr  csotuyg-gconessitdieornsat ioonn sk efoerp isnugg gCehsrtoimoenDsr iovne rk eseapfien.g C
hromeDrivnern esacftei.o
ns are allowed.
Please see https://chromedriver.chromium.org/security-considerations for suggestions on keeping ChromeDriver safe.
CChhrromoeDmrieDvreirv ewra sw asst asrttaerdt esdu csceucssfculleys.sf
ully.
ChromeDriver was started successfully.
[[[111666111222555555556596922.6.922299.332]9][[4]W[AWRNARINNIGWN]G:A] R:TNhI iTNsh iGsv] e:rvse riToshino noi fo sfC  hrCvohemrreosmDireoiDver has not been tested with Chrome version 88.
n of ChromeDriver has not been tested with Chrome version 88.
river has not been tested with Chrome version 88.
[1612555697.123][WARNING]: Timed out connecting to Chrome, retrying...
[1612555700.205][WARNING]: Timed out connecting to Chrome, retrying...
[1612555701.431][WARNING]: Timed out connecting to Chrome, retrying...
Feb 05, 2021 10:08:39 PM org.openqa.selenium.remote.ProtocolHandshake createSession
INFO: Detected dialect: W3C
Feb 05, 2021 10:08:39 PM org.openqa.selenium.remote.ProtocolHandshake createSession
INFO: Detected dialect: W3C
Feb 05, 2021 10:08:39 PM org.openqa.selenium.remote.ProtocolHandshake createSession
INFO: Detected dialect: W3C
]]></system-err>
  </testcase>
  <testcase name="baseNavigationPage" classname="Practice.E2EProject.ValidatingTitle" time="0.971">
    <system-out><![CDATA[FEATURED COURSES
]]></system-out>
  </testcase>
  <testcase name="baseNavigationPage[mahesh@gmail.com, 12345](1)" classname="Practice.E2EProject.Home" time="16.279"/>
</testsuite>